0 info it worked if it ends with ok
1 verbose cli [ '/usr/local/bin/node',
1 verbose cli   '/usr/local/bin/npm',
1 verbose cli   'install',
1 verbose cli   'noment',
1 verbose cli   '--save' ]
2 info using npm@2.15.5
3 info using node@v4.4.5
4 verbose install initial load of /home/wb/work/demo/react/package.json
5 warn package.json react@1.0.0 No description
6 warn package.json react@1.0.0 No repository field.
7 warn package.json react@1.0.0 No README data
8 verbose installManyTop reading scoped package data from /home/wb/work/demo/react/node_modules/babel-core/package.json
9 verbose installManyTop reading scoped package data from /home/wb/work/demo/react/node_modules/babel-loader/package.json
10 verbose installManyTop reading scoped package data from /home/wb/work/demo/react/node_modules/babel-preset-es2015/package.json
11 verbose installManyTop reading scoped package data from /home/wb/work/demo/react/node_modules/babel-preset-react/package.json
12 verbose installManyTop reading scoped package data from /home/wb/work/demo/react/node_modules/css-loader/package.json
13 verbose installManyTop reading scoped package data from /home/wb/work/demo/react/node_modules/file-loader/package.json
14 verbose installManyTop reading scoped package data from /home/wb/work/demo/react/node_modules/jquery/package.json
15 verbose installManyTop reading scoped package data from /home/wb/work/demo/react/node_modules/react/package.json
16 verbose installManyTop reading scoped package data from /home/wb/work/demo/react/node_modules/react-dom/package.json
17 verbose installManyTop reading scoped package data from /home/wb/work/demo/react/node_modules/style-loader/package.json
18 verbose installManyTop reading scoped package data from /home/wb/work/demo/react/node_modules/url-loader/package.json
19 verbose installManyTop reading scoped package data from /home/wb/work/demo/react/node_modules/webpack/package.json
20 verbose readDependencies loading dependencies from /home/wb/work/demo/react/package.json
21 silly cache add args [ 'noment', null ]
22 verbose cache add spec noment
23 silly cache add parsed spec Result {
23 silly cache add   raw: 'noment',
23 silly cache add   scope: null,
23 silly cache add   name: 'noment',
23 silly cache add   rawSpec: '',
23 silly cache add   spec: 'latest',
23 silly cache add   type: 'tag' }
24 silly addNamed noment@latest
25 verbose addNamed "latest" is being treated as a dist-tag for noment
26 info addNameTag [ 'noment', 'latest' ]
27 silly mapToRegistry name noment
28 silly mapToRegistry using default registry
29 silly mapToRegistry registry https://registry.npmjs.org/
30 silly mapToRegistry data Result {
30 silly mapToRegistry   raw: 'noment',
30 silly mapToRegistry   scope: null,
30 silly mapToRegistry   name: 'noment',
30 silly mapToRegistry   rawSpec: '',
30 silly mapToRegistry   spec: 'latest',
30 silly mapToRegistry   type: 'tag' }
31 silly mapToRegistry uri https://registry.npmjs.org/noment
32 verbose addNameTag registry:https://registry.npmjs.org/noment not in flight; fetching
33 verbose request uri https://registry.npmjs.org/noment
34 verbose request no auth needed
35 info attempt registry request try #1 at 17:29:40
36 verbose request id 6c161a28c917a5f7
37 http request GET https://registry.npmjs.org/noment
38 http 404 https://registry.npmjs.org/noment
39 verbose headers { 'content-type': 'application/json',
39 verbose headers   'cache-control': 'max-age=0',
39 verbose headers   'content-length': '2',
39 verbose headers   'accept-ranges': 'bytes',
39 verbose headers   date: 'Mon, 18 Jul 2016 09:29:43 GMT',
39 verbose headers   via: '1.1 varnish',
39 verbose headers   age: '0',
39 verbose headers   connection: 'keep-alive',
39 verbose headers   'x-served-by': 'cache-nrt6123-NRT',
39 verbose headers   'x-cache': 'MISS',
39 verbose headers   'x-cache-hits': '0',
39 verbose headers   'x-timer': 'S1468834183.501340,VS0,VE174',
39 verbose headers   vary: 'Accept-Encoding' }
40 silly get cb [ 404,
40 silly get   { 'content-type': 'application/json',
40 silly get     'cache-control': 'max-age=0',
40 silly get     'content-length': '2',
40 silly get     'accept-ranges': 'bytes',
40 silly get     date: 'Mon, 18 Jul 2016 09:29:43 GMT',
40 silly get     via: '1.1 varnish',
40 silly get     age: '0',
40 silly get     connection: 'keep-alive',
40 silly get     'x-served-by': 'cache-nrt6123-NRT',
40 silly get     'x-cache': 'MISS',
40 silly get     'x-cache-hits': '0',
40 silly get     'x-timer': 'S1468834183.501340,VS0,VE174',
40 silly get     vary: 'Accept-Encoding' } ]
41 verbose stack Error: Registry returned 404 for GET on https://registry.npmjs.org/noment
41 verbose stack     at makeError (/usr/local/lib/node_modules/npm/node_modules/npm-registry-client/lib/request.js:264:12)
41 verbose stack     at CachingRegistryClient.<anonymous> (/usr/local/lib/node_modules/npm/node_modules/npm-registry-client/lib/request.js:242:14)
41 verbose stack     at Request._callback (/usr/local/lib/node_modules/npm/node_modules/npm-registry-client/lib/request.js:172:14)
41 verbose stack     at Request.self.callback (/usr/local/lib/node_modules/npm/node_modules/request/request.js:200:22)
41 verbose stack     at emitTwo (events.js:87:13)
41 verbose stack     at Request.emit (events.js:172:7)
41 verbose stack     at Request.<anonymous> (/usr/local/lib/node_modules/npm/node_modules/request/request.js:1067:10)
41 verbose stack     at emitOne (events.js:82:20)
41 verbose stack     at Request.emit (events.js:169:7)
41 verbose stack     at IncomingMessage.<anonymous> (/usr/local/lib/node_modules/npm/node_modules/request/request.js:988:12)
42 verbose statusCode 404
43 verbose pkgid noment
44 verbose cwd /home/wb/work/demo/react/app
45 error Linux 4.4.0-31-generic
46 error argv "/usr/local/bin/node" "/usr/local/bin/npm" "install" "noment" "--save"
47 error node v4.4.5
48 error npm  v2.15.5
49 error code E404
50 error 404 Registry returned 404 for GET on https://registry.npmjs.org/noment
50 error 404
50 error 404 'noment' is not in the npm registry.
50 error 404 You should bug the author to publish it (or use the name yourself!)
50 error 404 It was specified as a dependency of 'react'
50 error 404
50 error 404 Note that you can also install from a
50 error 404 tarball, folder, http url, or git url.
51 verbose exit [ 1, true ]
